[21:17:50] Loading dataset...
[21:18:09] Generating 1 cold-start splits...
[21:18:10] Running verification checks...
[21:18:11] 
============================================================
[21:18:11] Config: top3 — features: ['actors', 'directors', 'genres']
[21:18:11] ============================================================
[21:18:11]   Building features (tag_mode=no_tags)...
[21:19:22]   HP tuning on splits [0]...
[21:26:27]   Best HP: lambda1=10, beta=1, alpha=10 (424.4s)
[21:26:27]   Full 1-split evaluation...
[21:27:21]   hr@10: 0.2991 ± 0.0000
[21:27:21]   hr@25: 0.2864 ± 0.0000
[21:27:21]   ndcg@10: 0.3152 ± 0.0000
[21:27:21]   ndcg@25: 0.2991 ± 0.0000
[21:27:21]   (53.9s)
[21:27:21] 
BEST CONFIG: top3
[21:27:21]   hr@10: 0.2991
[21:27:21]   ndcg@10: 0.3152
[21:27:21]   hr@25: 0.2864
[21:27:21]   ndcg@25: 0.2991
[21:27:21] 
Statistical comparisons (best vs others):
[21:27:21] 
Bootstrap CIs for top3:
[21:32:15]   hr@10: 0.2989 [95% CI: 0.2848 — 0.3156]
[21:32:15]   ndcg@10: 0.3152 [95% CI: 0.3001 — 0.3333]
[21:32:15]   hr@25: 0.2860 [95% CI: 0.2724 — 0.3006]
[21:32:15]   ndcg@25: 0.2989 [95% CI: 0.2855 — 0.3144]